<?xml version="1.0" encoding="UTF-8"?>
<!-- Generated by org.testng.reporters.JUnitReportReporter -->
<testsuite skipped="0" hostname="DESKTOP-KUOMTHR" name="ravi12.OnlyAction" tests="1" failures="0" timestamp="2019-12-26T15:47:52 PST" time="7.510" errors="0">
  <testcase name="mouseover" time="7.510" classname="ravi12.OnlyAction"/>
</testsuite> <!-- ravi12.OnlyAction -->
