<?xml version="1.0" encoding="UTF-8"?>
<!-- Generated by org.testng.reporters.JUnitReportReporter -->
<testsuite skipped="0" hostname="DESKTOP-KUOMTHR" name="ravi12.Redbus" tests="1" failures="0" timestamp="2020-01-26T07:10:00 IST" time="10.918" errors="0">
  <testcase name="f" time="10.918" classname="ravi12.Redbus"/>
</testsuite> <!-- ravi12.Redbus -->
